{
  "stats": {
    "suites": 1,
    "tests": 4,
    "passes": 3,
    "pending": 0,
    "failures": 1,
    "start": "2024-05-31T20:52:24.713Z",
    "end": "2024-05-31T20:52:32.193Z",
    "duration": 7480,
    "testsRegistered": 4,
    "passPercent": 75,
    "pendingPercent": 0,
    "other": 0,
    "hasOther": false,
    "skipped": 0,
    "hasSkipped": false
  },
  "results": [
    {
      "uuid": "63181863-6208-4d48-a1e5-8106a9926b6a",
      "title": "",
      "fullFile": "cypress/e2e/test.spec.js",
      "file": "cypress/e2e/test.spec.js",
      "beforeHooks": [],
      "afterHooks": [],
      "tests": [],
      "suites": [
        {
          "uuid": "ce260403-533e-4636-a526-d648c4dfa360",
          "title": "Login tests",
          "fullFile": "",
          "file": "",
          "beforeHooks": [],
          "afterHooks": [],
          "tests": [
            {
              "title": "should verify that all elements are present on the login page",
              "fullTitle": "Login tests should verify that all elements are present on the login page",
              "timedOut": null,
              "duration": 615,
              "state": "passed",
              "speed": "fast",
              "pass": true,
              "fail": false,
              "pending": false,
              "context": null,
              "code": "loginPage.getUsernameInput().should(\"be.visible\");\nloginPage.getPasswordInput().should(\"be.visible\");\nloginPage.getLoginButton().should(\"be.visible\");",
              "err": {},
              "uuid": "45b9aa68-6914-4de1-9a0b-4cbbfadab316",
              "parentUUID": "ce260403-533e-4636-a526-d648c4dfa360",
              "isHook": false,
              "skipped": false
            },
            {
              "title": "should show the error when log in with invalid credentials",
              "fullTitle": "Login tests should show the error when log in with invalid credentials",
              "timedOut": null,
              "duration": 976,
              "state": "passed",
              "speed": "fast",
              "pass": true,
              "fail": false,
              "pending": false,
              "context": null,
              "code": "loginPage.enterUsername(Cypress.env(\"username\"));\nloginPage.enterPassword(Cypress.env(\"password\"));\nloginPage.pressLoginButton();\nloginPage.getErrorMessageForUsernameInput().should(\"contain\", \"No account found with that username.\");",
              "err": {},
              "uuid": "881475a2-36a0-4e92-a1e3-f51b2ede9ce0",
              "parentUUID": "ce260403-533e-4636-a526-d648c4dfa360",
              "isHook": false,
              "skipped": false
            },
            {
              "title": "should show the errors when not to provide credentials",
              "fullTitle": "Login tests should show the errors when not to provide credentials",
              "timedOut": null,
              "duration": 540,
              "state": "passed",
              "speed": "fast",
              "pass": true,
              "fail": false,
              "pending": false,
              "context": null,
              "code": "cy.fixture(\"emptyCredentials.json\").then(data => {\n  loginPage.enterUsername(data.emptyUsername);\n  loginPage.enterPassword(data.emptyPassword);\n  loginPage.pressLoginButton();\n  loginPage.getErrorMessageForUsernameInput().should(\"contain\", \"Please enter username.\");\n  loginPage.getErrorMessageForPasswordInput().should(\"contain\", \"Please enter your password.\");\n});",
              "err": {},
              "uuid": "133314ed-731e-4b27-8194-0b8aaa79360e",
              "parentUUID": "ce260403-533e-4636-a526-d648c4dfa360",
              "isHook": false,
              "skipped": false
            },
            {
              "title": "should redirect to the home page after successful log in",
              "fullTitle": "Login tests should redirect to the home page after successful log in",
              "timedOut": null,
              "duration": 5116,
              "state": "failed",
              "speed": null,
              "pass": false,
              "fail": true,
              "pending": false,
              "context": "\"../cypress/screenshots/test.spec.js/Login%20tests%20--%20should%20redirect%20to%20the%20home%20page%20after%20successful%20log%20in%20(failed).png\"",
              "code": "cy.fixture(\"correctCredentials.json\").then(data => {\n  loginPage.enterUsername(data.correctUsername);\n  loginPage.enterPassword(data.correctPassword);\n  loginPage.pressLoginButton();\n  cy.url().should('include', '/home'); //this assertion should fail\n});",
              "err": {
                "message": "AssertionError: Timed out retrying after 4000ms: expected 'https://www.pecodesoftware.com/qa-portal/registerlogin/registerlogin.php' to include '/home'",
                "estack": "AssertionError: Timed out retrying after 4000ms: expected 'https://www.pecodesoftware.com/qa-portal/registerlogin/registerlogin.php' to include '/home'\n    at Context.eval (webpack://y/./cypress/e2e/test.spec.js:44:15)",
                "diff": null
              },
              "uuid": "835c33f0-c011-454c-ba19-7d07b12afac2",
              "parentUUID": "ce260403-533e-4636-a526-d648c4dfa360",
              "isHook": false,
              "skipped": false
            }
          ],
          "suites": [],
          "passes": [
            "45b9aa68-6914-4de1-9a0b-4cbbfadab316",
            "881475a2-36a0-4e92-a1e3-f51b2ede9ce0",
            "133314ed-731e-4b27-8194-0b8aaa79360e"
          ],
          "failures": [
            "835c33f0-c011-454c-ba19-7d07b12afac2"
          ],
          "pending": [],
          "skipped": [],
          "duration": 7247,
          "root": false,
          "rootEmpty": false,
          "_timeout": 2000
        }
      ],
      "passes": [],
      "failures": [],
      "pending": [],
      "skipped": [],
      "duration": 0,
      "root": true,
      "rootEmpty": true,
      "_timeout": 2000
    }
  ],
  "meta": {
    "mocha": {
      "version": "7.0.1"
    },
    "mochawesome": {
      "options": {
        "quiet": true,
        "reportFilename": "mochawesome",
        "saveHtml": true,
        "saveJson": true,
        "consoleReporter": "spec",
        "useInlineDiffs": false,
        "code": true
      },
      "version": "7.1.3"
    },
    "marge": {
      "options": {
        "id": "default",
        "reportDir": "mochawesome-report",
        "quiet": true,
        "overwrite": false,
        "html": true,
        "json": true
      },
      "version": "6.2.0"
    }
  }
}